0 verbose cli C:\Program Files\nodejs\node.exe C:\Program Files\nodejs\node_modules\npm\bin\npm-cli.js
1 info using npm@10.9.2
2 info using node@v22.13.1
3 silly config load:file:C:\Program Files\nodejs\node_modules\npm\npmrc
4 silly config load:file:C:\Users\user\HariStyle-Preview\my-app\.npmrc
5 silly config load:file:C:\Users\user\.npmrc
6 silly config load:file:C:\home\user\.npm-global\etc\npmrc
7 verbose title npm exec supabase@beta link --help
8 verbose argv "exec" "--yes" "--" "supabase@beta" "link" "--help"
9 verbose logfile logs-max:10 dir:C:\Users\user\HariStyle-Preview\.npm-cache-temp\_logs\2026-04-25T09_22_22_949Z-
10 verbose logfile C:\Users\user\HariStyle-Preview\.npm-cache-temp\_logs\2026-04-25T09_22_22_949Z-debug-0.log
11 silly logfile done cleaning log files
12 silly packumentCache heap:4345298944 maxSize:1086324736 maxEntrySize:543162368
13 http fetch GET 200 https://registry.npmjs.org/npm 152ms
14 http fetch GET 200 https://registry.npmjs.org/supabase 141ms (cache miss)
15 silly packumentCache heap:4345298944 maxSize:1086324736 maxEntrySize:543162368
16 silly packumentCache heap:4345298944 maxSize:1086324736 maxEntrySize:543162368
17 silly idealTree buildDeps
18 silly fetch manifest supabase@2.62.10
19 silly packumentCache full:https://registry.npmjs.org/supabase cache-miss
20 http fetch GET 200 https://registry.npmjs.org/supabase 120ms (cache miss)
21 silly packumentCache full:https://registry.npmjs.org/supabase set size:undefined disposed:false
22 silly placeDep ROOT supabase@2.62.10 OK for:  want: 2.62.10
23 silly fetch manifest tar@7.5.2
24 silly packumentCache full:https://registry.npmjs.org/tar cache-miss
25 silly fetch manifest bin-links@^6.0.0
26 silly packumentCache full:https://registry.npmjs.org/bin-links cache-miss
27 silly fetch manifest node-fetch@^3.3.2
28 silly packumentCache full:https://registry.npmjs.org/node-fetch cache-miss
29 silly fetch manifest https-proxy-agent@^7.0.2
30 silly packumentCache full:https://registry.npmjs.org/https-proxy-agent cache-miss
31 http fetch GET 200 https://registry.npmjs.org/bin-links 46ms (cache miss)
32 silly packumentCache full:https://registry.npmjs.org/bin-links set size:undefined disposed:false
33 http fetch GET 200 https://registry.npmjs.org/tar 52ms (cache miss)
34 silly packumentCache full:https://registry.npmjs.org/tar set size:undefined disposed:false
35 http fetch GET 200 https://registry.npmjs.org/node-fetch 87ms (cache miss)
36 silly packumentCache full:https://registry.npmjs.org/node-fetch set size:undefined disposed:false
37 http fetch GET 200 https://registry.npmjs.org/https-proxy-agent 92ms (cache miss)
38 silly packumentCache full:https://registry.npmjs.org/https-proxy-agent set size:undefined disposed:false
39 silly placeDep ROOT bin-links@6.0.0 OK for: supabase@2.62.10 want: ^6.0.0
40 silly placeDep ROOT https-proxy-agent@7.0.6 OK for: supabase@2.62.10 want: ^7.0.2
41 silly placeDep ROOT node-fetch@3.3.2 OK for: supabase@2.62.10 want: ^3.3.2
42 silly placeDep ROOT tar@7.5.2 OK for: supabase@2.62.10 want: 7.5.2
43 silly fetch manifest cmd-shim@^8.0.0
44 silly packumentCache full:https://registry.npmjs.org/cmd-shim cache-miss
45 silly fetch manifest proc-log@^6.0.0
46 silly packumentCache full:https://registry.npmjs.org/proc-log cache-miss
47 silly fetch manifest read-cmd-shim@^6.0.0
48 silly packumentCache full:https://registry.npmjs.org/read-cmd-shim cache-miss
49 silly fetch manifest write-file-atomic@^7.0.0
50 silly packumentCache full:https://registry.npmjs.org/write-file-atomic cache-miss
51 silly fetch manifest npm-normalize-package-bin@^5.0.0
52 silly packumentCache full:https://registry.npmjs.org/npm-normalize-package-bin cache-miss
53 silly fetch manifest debug@4
54 silly packumentCache full:https://registry.npmjs.org/debug cache-miss
55 silly fetch manifest agent-base@^7.1.2
56 silly packumentCache full:https://registry.npmjs.org/agent-base cache-miss
57 silly fetch manifest data-uri-to-buffer@^4.0.0
58 silly packumentCache full:https://registry.npmjs.org/data-uri-to-buffer cache-miss
59 silly fetch manifest fetch-blob@^3.1.4
60 silly packumentCache full:https://registry.npmjs.org/fetch-blob cache-miss
61 silly fetch manifest formdata-polyfill@^4.0.10
62 silly packumentCache full:https://registry.npmjs.org/formdata-polyfill cache-miss
63 silly fetch manifest chownr@^3.0.0
64 silly packumentCache full:https://registry.npmjs.org/chownr cache-miss
65 http fetch GET 200 https://registry.npmjs.org/read-cmd-shim 59ms (cache miss)
66 silly packumentCache full:https://registry.npmjs.org/read-cmd-shim set size:undefined disposed:false
67 silly fetch manifest yallist@^5.0.0
68 silly packumentCache full:https://registry.npmjs.org/yallist cache-miss
69 http fetch GET 200 https://registry.npmjs.org/cmd-shim 78ms (cache miss)
70 silly packumentCache full:https://registry.npmjs.org/cmd-shim set size:undefined disposed:false
71 silly fetch manifest minipass@^7.1.2
72 silly packumentCache full:https://registry.npmjs.org/minipass cache-miss
73 http fetch GET 200 https://registry.npmjs.org/proc-log 81ms (cache miss)
74 silly packumentCache full:https://registry.npmjs.org/proc-log set size:undefined disposed:false
75 silly fetch manifest minizlib@^3.1.0
76 silly packumentCache full:https://registry.npmjs.org/minizlib cache-miss
77 http fetch GET 200 https://registry.npmjs.org/write-file-atomic 94ms (cache miss)
78 silly packumentCache full:https://registry.npmjs.org/write-file-atomic set size:undefined disposed:false
79 silly fetch manifest @isaacs/fs-minipass@^4.0.0
80 silly packumentCache full:https://registry.npmjs.org/@isaacs%2ffs-minipass cache-miss
81 http fetch GET 200 https://registry.npmjs.org/npm-normalize-package-bin 120ms (cache miss)
82 silly packumentCache full:https://registry.npmjs.org/npm-normalize-package-bin set size:undefined disposed:false
83 http fetch GET 200 https://registry.npmjs.org/chownr 125ms (cache miss)
84 silly packumentCache full:https://registry.npmjs.org/chownr set size:undefined disposed:false
85 http fetch GET 200 https://registry.npmjs.org/yallist 67ms (cache miss)
86 silly packumentCache full:https://registry.npmjs.org/yallist set size:undefined disposed:false
87 http fetch GET 200 https://registry.npmjs.org/data-uri-to-buffer 134ms (cache miss)
88 silly packumentCache full:https://registry.npmjs.org/data-uri-to-buffer set size:undefined disposed:false
89 http fetch GET 200 https://registry.npmjs.org/agent-base 138ms (cache miss)
90 silly packumentCache full:https://registry.npmjs.org/agent-base set size:undefined disposed:false
91 http fetch GET 200 https://registry.npmjs.org/fetch-blob 143ms (cache miss)
92 silly packumentCache full:https://registry.npmjs.org/fetch-blob set size:undefined disposed:false
93 http fetch GET 200 https://registry.npmjs.org/formdata-polyfill 154ms (cache miss)
94 silly packumentCache full:https://registry.npmjs.org/formdata-polyfill set size:undefined disposed:false
95 http fetch GET 200 https://registry.npmjs.org/debug 162ms (cache miss)
96 silly packumentCache full:https://registry.npmjs.org/debug set size:undefined disposed:false
97 http fetch GET 200 https://registry.npmjs.org/@isaacs%2ffs-minipass 70ms (cache miss)
98 silly packumentCache full:https://registry.npmjs.org/@isaacs%2ffs-minipass set size:undefined disposed:false
99 http fetch GET 200 https://registry.npmjs.org/minizlib 87ms (cache miss)
100 silly packumentCache full:https://registry.npmjs.org/minizlib set size:undefined disposed:false
101 http fetch GET 200 https://registry.npmjs.org/minipass 95ms (cache miss)
102 silly packumentCache full:https://registry.npmjs.org/minipass set size:undefined disposed:false
103 silly placeDep ROOT cmd-shim@8.0.0 OK for: bin-links@6.0.0 want: ^8.0.0
104 silly placeDep ROOT npm-normalize-package-bin@5.0.0 OK for: bin-links@6.0.0 want: ^5.0.0
105 silly placeDep ROOT proc-log@6.1.0 OK for: bin-links@6.0.0 want: ^6.0.0
106 silly placeDep ROOT read-cmd-shim@6.0.0 OK for: bin-links@6.0.0 want: ^6.0.0
107 silly placeDep ROOT write-file-atomic@7.0.1 OK for: bin-links@6.0.0 want: ^7.0.0
108 silly fetch manifest signal-exit@^4.0.1
109 silly packumentCache full:https://registry.npmjs.org/signal-exit cache-miss
110 http fetch GET 200 https://registry.npmjs.org/signal-exit 35ms (cache miss)
111 silly packumentCache full:https://registry.npmjs.org/signal-exit set size:undefined disposed:false
112 silly placeDep ROOT agent-base@7.1.4 OK for: https-proxy-agent@7.0.6 want: ^7.1.2
113 silly placeDep ROOT debug@4.4.3 OK for: https-proxy-agent@7.0.6 want: 4
114 silly fetch manifest ms@^2.1.3
115 silly packumentCache full:https://registry.npmjs.org/ms cache-miss
116 http fetch GET 200 https://registry.npmjs.org/ms 25ms (cache miss)
117 silly packumentCache full:https://registry.npmjs.org/ms set size:undefined disposed:false
118 silly placeDep ROOT ms@2.1.3 OK for: debug@4.4.3 want: ^2.1.3
119 silly placeDep ROOT data-uri-to-buffer@4.0.1 OK for: node-fetch@3.3.2 want: ^4.0.0
120 silly placeDep ROOT fetch-blob@3.2.0 OK for: node-fetch@3.3.2 want: ^3.1.4
121 silly placeDep ROOT formdata-polyfill@4.0.10 OK for: node-fetch@3.3.2 want: ^4.0.10
122 silly fetch manifest node-domexception@^1.0.0
123 silly packumentCache full:https://registry.npmjs.org/node-domexception cache-miss
124 silly fetch manifest web-streams-polyfill@^3.0.3
125 silly packumentCache full:https://registry.npmjs.org/web-streams-polyfill cache-miss
126 http fetch GET 200 https://registry.npmjs.org/node-domexception 25ms (cache miss)
127 silly packumentCache full:https://registry.npmjs.org/node-domexception set size:undefined disposed:false
128 http fetch GET 200 https://registry.npmjs.org/web-streams-polyfill 33ms (cache miss)
129 silly packumentCache full:https://registry.npmjs.org/web-streams-polyfill set size:undefined disposed:false
130 silly placeDep ROOT node-domexception@1.0.0 OK for: fetch-blob@3.2.0 want: ^1.0.0
131 silly placeDep ROOT web-streams-polyfill@3.3.3 OK for: fetch-blob@3.2.0 want: ^3.0.3
132 silly placeDep ROOT @isaacs/fs-minipass@4.0.1 OK for: tar@7.5.2 want: ^4.0.0
133 silly placeDep ROOT chownr@3.0.0 OK for: tar@7.5.2 want: ^3.0.0
134 silly placeDep ROOT minipass@7.1.3 OK for: tar@7.5.2 want: ^7.1.2
135 silly placeDep ROOT minizlib@3.1.0 OK for: tar@7.5.2 want: ^3.1.0
136 silly placeDep ROOT yallist@5.0.0 OK for: tar@7.5.2 want: ^5.0.0
137 silly fetch manifest minipass@^7.0.4
138 silly packumentCache full:https://registry.npmjs.org/minipass cache-miss
139 http cache https://registry.npmjs.org/minipass 6ms (cache hit)
140 silly packumentCache full:https://registry.npmjs.org/minipass set size:276925 disposed:false
141 silly placeDep ROOT signal-exit@4.1.0 OK for: write-file-atomic@7.0.1 want: ^4.0.1
142 silly reify moves {}
143 silly audit bulk request {
143 silly audit   supabase: [ '2.62.10' ],
143 silly audit   'bin-links': [ '6.0.0' ],
143 silly audit   'https-proxy-agent': [ '7.0.6' ],
143 silly audit   'node-fetch': [ '3.3.2' ],
143 silly audit   tar: [ '7.5.2' ],
143 silly audit   'cmd-shim': [ '8.0.0' ],
143 silly audit   'npm-normalize-package-bin': [ '5.0.0' ],
143 silly audit   'proc-log': [ '6.1.0' ],
143 silly audit   'read-cmd-shim': [ '6.0.0' ],
143 silly audit   'write-file-atomic': [ '7.0.1' ],
143 silly audit   'agent-base': [ '7.1.4' ],
143 silly audit   debug: [ '4.4.3' ],
143 silly audit   ms: [ '2.1.3' ],
143 silly audit   'data-uri-to-buffer': [ '4.0.1' ],
143 silly audit   'fetch-blob': [ '3.2.0' ],
143 silly audit   'formdata-polyfill': [ '4.0.10' ],
143 silly audit   'node-domexception': [ '1.0.0' ],
143 silly audit   'web-streams-polyfill': [ '3.3.3' ],
143 silly audit   '@isaacs/fs-minipass': [ '4.0.1' ],
143 silly audit   chownr: [ '3.0.0' ],
143 silly audit   minipass: [ '7.1.3' ],
143 silly audit   minizlib: [ '3.1.0' ],
143 silly audit   yallist: [ '5.0.0' ],
143 silly audit   'signal-exit': [ '4.1.0' ]
143 silly audit }
144 http cache signal-exit@https://registry.npmjs.org/signal-exit/-/signal-exit-4.1.0.tgz 0ms (cache hit)
145 http cache yallist@https://registry.npmjs.org/yallist/-/yallist-5.0.0.tgz 0ms (cache hit)
146 http cache minizlib@https://registry.npmjs.org/minizlib/-/minizlib-3.1.0.tgz 0ms (cache hit)
147 http cache chownr@https://registry.npmjs.org/chownr/-/chownr-3.0.0.tgz 0ms (cache hit)
148 http cache minipass@https://registry.npmjs.org/minipass/-/minipass-7.1.3.tgz 0ms (cache hit)
149 http cache @isaacs/fs-minipass@https://registry.npmjs.org/@isaacs/fs-minipass/-/fs-minipass-4.0.1.tgz 0ms (cache hit)
150 http cache web-streams-polyfill@https://registry.npmjs.org/web-streams-polyfill/-/web-streams-polyfill-3.3.3.tgz 0ms (cache hit)
151 http cache formdata-polyfill@https://registry.npmjs.org/formdata-polyfill/-/formdata-polyfill-4.0.10.tgz 0ms (cache hit)
152 http cache node-domexception@https://registry.npmjs.org/node-domexception/-/node-domexception-1.0.0.tgz 0ms (cache hit)
153 http cache debug@https://registry.npmjs.org/debug/-/debug-4.4.3.tgz 0ms (cache hit)
154 http cache fetch-blob@https://registry.npmjs.org/fetch-blob/-/fetch-blob-3.2.0.tgz 0ms (cache hit)
155 http cache data-uri-to-buffer@https://registry.npmjs.org/data-uri-to-buffer/-/data-uri-to-buffer-4.0.1.tgz 0ms (cache hit)
156 http cache agent-base@https://registry.npmjs.org/agent-base/-/agent-base-7.1.4.tgz 0ms (cache hit)
157 http cache ms@https://registry.npmjs.org/ms/-/ms-2.1.3.tgz 0ms (cache hit)
158 http cache read-cmd-shim@https://registry.npmjs.org/read-cmd-shim/-/read-cmd-shim-6.0.0.tgz 0ms (cache hit)
159 http cache write-file-atomic@https://registry.npmjs.org/write-file-atomic/-/write-file-atomic-7.0.1.tgz 0ms (cache hit)
160 http cache npm-normalize-package-bin@https://registry.npmjs.org/npm-normalize-package-bin/-/npm-normalize-package-bin-5.0.0.tgz 0ms (cache hit)
161 http cache proc-log@https://registry.npmjs.org/proc-log/-/proc-log-6.1.0.tgz 0ms (cache hit)
162 http cache cmd-shim@https://registry.npmjs.org/cmd-shim/-/cmd-shim-8.0.0.tgz 0ms (cache hit)
163 http cache node-fetch@https://registry.npmjs.org/node-fetch/-/node-fetch-3.3.2.tgz 0ms (cache hit)
164 http cache tar@https://registry.npmjs.org/tar/-/tar-7.5.2.tgz 0ms (cache hit)
165 http cache https-proxy-agent@https://registry.npmjs.org/https-proxy-agent/-/https-proxy-agent-7.0.6.tgz 0ms (cache hit)
166 silly tarball no local data for signal-exit@https://registry.npmjs.org/signal-exit/-/signal-exit-4.1.0.tgz. Extracting by manifest.
167 silly tarball no local data for yallist@https://registry.npmjs.org/yallist/-/yallist-5.0.0.tgz. Extracting by manifest.
168 silly tarball no local data for minizlib@https://registry.npmjs.org/minizlib/-/minizlib-3.1.0.tgz. Extracting by manifest.
169 silly tarball no local data for chownr@https://registry.npmjs.org/chownr/-/chownr-3.0.0.tgz. Extracting by manifest.
170 http cache bin-links@https://registry.npmjs.org/bin-links/-/bin-links-6.0.0.tgz 0ms (cache hit)
171 silly tarball no local data for minipass@https://registry.npmjs.org/minipass/-/minipass-7.1.3.tgz. Extracting by manifest.
172 silly tarball no local data for @isaacs/fs-minipass@https://registry.npmjs.org/@isaacs/fs-minipass/-/fs-minipass-4.0.1.tgz. Extracting by manifest.
173 http cache supabase@https://registry.npmjs.org/supabase/-/supabase-2.62.10.tgz 0ms (cache hit)
174 silly tarball no local data for web-streams-polyfill@https://registry.npmjs.org/web-streams-polyfill/-/web-streams-polyfill-3.3.3.tgz. Extracting by manifest.
175 silly tarball no local data for formdata-polyfill@https://registry.npmjs.org/formdata-polyfill/-/formdata-polyfill-4.0.10.tgz. Extracting by manifest.
176 silly tarball no local data for node-domexception@https://registry.npmjs.org/node-domexception/-/node-domexception-1.0.0.tgz. Extracting by manifest.
177 silly tarball no local data for debug@https://registry.npmjs.org/debug/-/debug-4.4.3.tgz. Extracting by manifest.
178 silly tarball no local data for fetch-blob@https://registry.npmjs.org/fetch-blob/-/fetch-blob-3.2.0.tgz. Extracting by manifest.
179 silly tarball no local data for data-uri-to-buffer@https://registry.npmjs.org/data-uri-to-buffer/-/data-uri-to-buffer-4.0.1.tgz. Extracting by manifest.
180 silly tarball no local data for agent-base@https://registry.npmjs.org/agent-base/-/agent-base-7.1.4.tgz. Extracting by manifest.
181 silly tarball no local data for ms@https://registry.npmjs.org/ms/-/ms-2.1.3.tgz. Extracting by manifest.
182 silly tarball no local data for read-cmd-shim@https://registry.npmjs.org/read-cmd-shim/-/read-cmd-shim-6.0.0.tgz. Extracting by manifest.
183 silly tarball no local data for write-file-atomic@https://registry.npmjs.org/write-file-atomic/-/write-file-atomic-7.0.1.tgz. Extracting by manifest.
184 silly tarball no local data for npm-normalize-package-bin@https://registry.npmjs.org/npm-normalize-package-bin/-/npm-normalize-package-bin-5.0.0.tgz. Extracting by manifest.
185 silly tarball no local data for proc-log@https://registry.npmjs.org/proc-log/-/proc-log-6.1.0.tgz. Extracting by manifest.
186 silly tarball no local data for cmd-shim@https://registry.npmjs.org/cmd-shim/-/cmd-shim-8.0.0.tgz. Extracting by manifest.
187 silly tarball no local data for node-fetch@https://registry.npmjs.org/node-fetch/-/node-fetch-3.3.2.tgz. Extracting by manifest.
188 silly tarball no local data for tar@https://registry.npmjs.org/tar/-/tar-7.5.2.tgz. Extracting by manifest.
189 silly tarball no local data for https-proxy-agent@https://registry.npmjs.org/https-proxy-agent/-/https-proxy-agent-7.0.6.tgz. Extracting by manifest.
190 silly tarball no local data for bin-links@https://registry.npmjs.org/bin-links/-/bin-links-6.0.0.tgz. Extracting by manifest.
191 silly tarball no local data for supabase@https://registry.npmjs.org/supabase/-/supabase-2.62.10.tgz. Extracting by manifest.
192 http fetch GET 200 https://registry.npmjs.org/write-file-atomic/-/write-file-atomic-7.0.1.tgz 75ms (cache miss)
193 http fetch GET 200 https://registry.npmjs.org/@isaacs/fs-minipass/-/fs-minipass-4.0.1.tgz 78ms (cache miss)
194 http fetch GET 200 https://registry.npmjs.org/cmd-shim/-/cmd-shim-8.0.0.tgz 80ms (cache miss)
195 http fetch GET 200 https://registry.npmjs.org/debug/-/debug-4.4.3.tgz 83ms (cache miss)
196 http fetch GET 200 https://registry.npmjs.org/proc-log/-/proc-log-6.1.0.tgz 83ms (cache miss)
197 http fetch GET 200 https://registry.npmjs.org/npm-normalize-package-bin/-/npm-normalize-package-bin-5.0.0.tgz 84ms (cache miss)
198 http fetch GET 200 https://registry.npmjs.org/supabase/-/supabase-2.62.10.tgz 90ms (cache miss)
199 http fetch GET 200 https://registry.npmjs.org/yallist/-/yallist-5.0.0.tgz 99ms (cache miss)
200 http fetch GET 200 https://registry.npmjs.org/fetch-blob/-/fetch-blob-3.2.0.tgz 97ms (cache miss)
201 http fetch GET 200 https://registry.npmjs.org/data-uri-to-buffer/-/data-uri-to-buffer-4.0.1.tgz 98ms (cache miss)
202 http fetch GET 200 https://registry.npmjs.org/minipass/-/minipass-7.1.3.tgz 110ms (cache miss)
203 http fetch GET 200 https://registry.npmjs.org/minizlib/-/minizlib-3.1.0.tgz 115ms (cache miss)
204 http fetch GET 200 https://registry.npmjs.org/signal-exit/-/signal-exit-4.1.0.tgz 125ms (cache miss)
205 http fetch GET 200 https://registry.npmjs.org/bin-links/-/bin-links-6.0.0.tgz 121ms (cache miss)
206 http fetch GET 200 https://registry.npmjs.org/node-fetch/-/node-fetch-3.3.2.tgz 128ms (cache miss)
207 http fetch GET 200 https://registry.npmjs.org/node-domexception/-/node-domexception-1.0.0.tgz 137ms (cache miss)
208 warn deprecated node-domexception@1.0.0: Use your platform's native DOMException instead
209 http fetch POST 200 https://registry.npmjs.org/-/npm/v1/security/advisories/bulk 172ms
210 silly audit report {
210 silly audit report   tar: [
210 silly audit report     {
210 silly audit report       id: 1112659,
210 silly audit report       url: 'https://github.com/advisories/GHSA-34x7-hfp2-rc4v',
210 silly audit report       title: 'node-tar Vulnerable to Arbitrary File Creation/Overwrite via Hardlink Path Traversal',
210 silly audit report       severity: 'high',
210 silly audit report       vulnerable_versions: '<7.5.7',
210 silly audit report       cwe: [Array],
210 silly audit report       cvss: [Object]
210 silly audit report     },
210 silly audit report     {
210 silly audit report       id: 1113300,
210 silly audit report       url: 'https://github.com/advisories/GHSA-8qq5-rm4j-mr97',
210 silly audit report       title: 'node-tar is Vulnerable to Arbitrary File Overwrite and Symlink Poisoning via Insufficient Path Sanitization',
210 silly audit report       severity: 'high',
210 silly audit report       vulnerable_versions: '<=7.5.2',
210 silly audit report       cwe: [Array],
210 silly audit report       cvss: [Object]
210 silly audit report     },
210 silly audit report     {
210 silly audit report       id: 1113375,
210 silly audit report       url: 'https://github.com/advisories/GHSA-83g3-92jg-28cx',
210 silly audit report       title: 'Arbitrary File Read/Write via Hardlink Target Escape Through Symlink Chain in node-tar Extraction',
210 silly audit report       severity: 'high',
210 silly audit report       vulnerable_versions: '<7.5.8',
210 silly audit report       cwe: [Array],
210 silly audit report       cvss: [Object]
210 silly audit report     },
210 silly audit report     {
210 silly audit report       id: 1114200,
210 silly audit report       url: 'https://github.com/advisories/GHSA-qffp-2rhf-9h96',
210 silly audit report       title: 'tar has Hardlink Path Traversal via Drive-Relative Linkpath',
210 silly audit report       severity: 'high',
210 silly audit report       vulnerable_versions: '<=7.5.9',
210 silly audit report       cwe: [Array],
210 silly audit report       cvss: [Object]
210 silly audit report     },
210 silly audit report     {
210 silly audit report       id: 1114302,
210 silly audit report       url: 'https://github.com/advisories/GHSA-9ppj-qmqm-q256',
210 silly audit report       title: 'node-tar Symlink Path Traversal via Drive-Relative Linkpath',
210 silly audit report       severity: 'high',
210 silly audit report       vulnerable_versions: '<=7.5.10',
210 silly audit report       cwe: [Array],
210 silly audit report       cvss: [Object]
210 silly audit report     },
210 silly audit report     {
210 silly audit report       id: 1114680,
210 silly audit report       url: 'https://github.com/advisories/GHSA-r6q2-hw4h-h46w',
210 silly audit report       title: 'Race Condition in node-tar Path Reservations via Unicode Ligature Collisions on macOS APFS',
210 silly audit report       severity: 'high',
210 silly audit report       vulnerable_versions: '<=7.5.3',
210 silly audit report       cwe: [Array],
210 silly audit report       cvss: [Object]
210 silly audit report     }
210 silly audit report   ]
210 silly audit report }
211 silly packumentCache corgi:https://registry.npmjs.org/tar cache-miss
212 http fetch GET 200 https://registry.npmjs.org/tar 68ms (cache miss)
213 silly packumentCache corgi:https://registry.npmjs.org/tar set size:undefined disposed:false
214 silly packumentCache corgi:https://registry.npmjs.org/supabase cache-miss
215 http cache https://registry.npmjs.org/supabase 6ms (cache hit)
216 silly packumentCache corgi:https://registry.npmjs.org/supabase set size:1213941 disposed:false
217 http fetch GET 200 https://registry.npmjs.org/formdata-polyfill/-/formdata-polyfill-4.0.10.tgz 313ms (cache miss)
218 http fetch GET 200 https://registry.npmjs.org/ms/-/ms-2.1.3.tgz 316ms (cache miss)
219 http fetch GET 200 https://registry.npmjs.org/chownr/-/chownr-3.0.0.tgz 325ms (cache miss)
220 http fetch GET 200 https://registry.npmjs.org/https-proxy-agent/-/https-proxy-agent-7.0.6.tgz 322ms (cache miss)
221 http fetch GET 200 https://registry.npmjs.org/read-cmd-shim/-/read-cmd-shim-6.0.0.tgz 327ms (cache miss)
222 http fetch GET 200 https://registry.npmjs.org/agent-base/-/agent-base-7.1.4.tgz 329ms (cache miss)
223 http fetch GET 200 https://registry.npmjs.org/web-streams-polyfill/-/web-streams-polyfill-3.3.3.tgz 377ms (cache miss)
224 http fetch GET 200 https://registry.npmjs.org/tar/-/tar-7.5.2.tgz 407ms (cache miss)
225 warn deprecated tar@7.5.2: Old versions of tar are not supported, and contain widely publicized security vulnerabilities, which have been fixed in the current version. Please update. Support for old versions may be purchased (at exorbitant rates) by contacting i@izs.me
226 info run supabase@2.62.10 postinstall node_modules/supabase node scripts/postinstall.js
227 info run supabase@2.62.10 postinstall { code: 0, signal: null }
228 verbose cwd C:\Users\user\HariStyle-Preview\my-app
229 verbose os Windows_NT 10.0.26200
230 verbose node v22.13.1
231 verbose npm  v10.9.2
232 notice
232 notice New major version of npm available! 10.9.2 -> 11.13.0
232 notice Changelog: https://github.com/npm/cli/releases/tag/v11.13.0
232 notice To update run: npm install -g npm@11.13.0
232 notice  { force: true, [Symbol(proc-log.meta)]: true }
233 verbose exit 0
234 info ok
