0 verbose cli C:\Program Files\nodejs\node.exe C:\Program Files\nodejs\node_modules\npm\bin\npm-cli.js
1 info using npm@10.9.2
2 info using node@v22.13.1
3 silly config load:file:C:\Program Files\nodejs\node_modules\npm\npmrc
4 silly config load:file:C:\Users\user\HariStyle-Preview\my-app\.npmrc
5 silly config load:file:C:\Users\user\.npmrc
6 silly config load:file:C:\home\user\.npm-global\etc\npmrc
7 verbose title npm exec tsx -e import { rebuildWeeklyHairstyleCatalog, getLatestSuccessfulCatalogCycle } from './lib/hairstyle-catalog.ts'; (async () => { const result = await rebuildWeeklyHairstyleCatalog('auto'); console.log(JSON.stringify(result, null, 2)); const cycle = await getLatestSuccessfulCatalogCycle(); console.log(JSON.stringify({ latestCycle: cycle }, null, 2)); })().catch((error) => { console.error(error); process.exit(1); });
8 verbose argv "exec" "--yes" "--" "tsx" "-e" "import { rebuildWeeklyHairstyleCatalog, getLatestSuccessfulCatalogCycle } from './lib/hairstyle-catalog.ts'; (async () => { const result = await rebuildWeeklyHairstyleCatalog('auto'); console.log(JSON.stringify(result, null, 2)); const cycle = await getLatestSuccessfulCatalogCycle(); console.log(JSON.stringify({ latestCycle: cycle }, null, 2)); })().catch((error) => { console.error(error); process.exit(1); });"
9 verbose logfile logs-max:10 dir:C:\Users\user\HariStyle-Preview\.npm-cache-temp\_logs\2026-04-25T09_54_51_648Z-
10 verbose logfile C:\Users\user\HariStyle-Preview\.npm-cache-temp\_logs\2026-04-25T09_54_51_648Z-debug-0.log
11 silly logfile done cleaning log files
12 silly packumentCache heap:4345298944 maxSize:1086324736 maxEntrySize:543162368
13 http fetch GET 200 https://registry.npmjs.org/tsx 81ms (cache revalidated)
14 silly packumentCache heap:4345298944 maxSize:1086324736 maxEntrySize:543162368
15 silly packumentCache heap:4345298944 maxSize:1086324736 maxEntrySize:543162368
16 verbose cwd C:\Users\user\HariStyle-Preview\my-app
17 verbose os Windows_NT 10.0.26200
18 verbose node v22.13.1
19 verbose npm  v10.9.2
20 verbose exit 1
21 verbose code 1
