[    1463ms] [INFO] %cDownload the React DevTools for a better development experience: https://react.dev/link/react-devtools font-weight:bold @ http://localhost:3000/_next/static/chunks/node_modules_next_dist_f3530cac._.js:2297
[    1590ms] [LOG] [HMR] connected @ http://localhost:3000/_next/static/chunks/node_modules_next_dist_f3530cac._.js:2297
[    1714ms] [WARNING] Clerk: Clerk has been loaded with development keys. Development instances have strict usage limits and should not be used when deploying your application to production. Learn more: https://clerk.com/docs/deployments/overview @ http://localhost:3000/_next/static/chunks/node_modules_next_dist_f3530cac._.js:2297
[   64862ms] [LOG] [Fast Refresh] rebuilding @ http://localhost:3000/_next/static/chunks/node_modules_next_dist_f3530cac._.js:2297
[   64936ms] [LOG] [Fast Refresh] done in 174ms @ http://localhost:3000/_next/static/chunks/node_modules_next_dist_f3530cac._.js:2297
[   65093ms] [LOG] [Fast Refresh] rebuilding @ http://localhost:3000/_next/static/chunks/node_modules_next_dist_f3530cac._.js:2297
[   65141ms] [VERBOSE] [DOM] Input elements should have autocomplete attributes (suggested: "current-password"): (More info: https://goo.gl/9p2vKq) %o @ http://localhost:3000/login?redirect_url=%2Fgenerate:0
[   65267ms] [LOG] [Fast Refresh] done in 289ms @ http://localhost:3000/_next/static/chunks/node_modules_next_dist_f3530cac._.js:2297
[   65273ms] [ERROR] Failed to load resource: the server responded with a status of 404 (Not Found) @ http://localhost:3000/login/SignIn_clerk_catchall_check_1777113025060:0
[   65274ms] Error: 
Clerk: The <SignIn/> component is not configured correctly. The most likely reasons for this error are:

1. The "/login" route is not a catch-all route.
It is recommended to convert this route to a catch-all route, eg: "/login/[[...rest]]/page.tsx". Alternatively, you can update the <SignIn/> component to use hash-based routing by setting the "routing" prop to "hash".

2. The <SignIn/> component is mounted in a catch-all route, but all routes under "/login" are protected by the middleware.
To resolve this, ensure that the middleware does not protect the catch-all route or any of its children. If you are using the "createRouteMatcher" helper, consider adding "(.*)" to the end of the route pattern, eg: "/login(.*)". For more information, see: https://clerk.com/docs/reference/nextjs/clerk-middleware#create-route-matcher

    at useEnforceCatchAllRoute.useEffect.error (http://localhost:3000/_next/static/chunks/node_modules_0fdf0b7b._.js:12161:27)
    at useEnforceCatchAllRoute.useEffect.check (http://localhost:3000/_next/static/chunks/node_modules_0fdf0b7b._.js:12191:29)
[  128340ms] [LOG] [Fast Refresh] rebuilding @ http://localhost:3000/_next/static/chunks/node_modules_next_dist_f3530cac._.js:2297
[  128402ms] [LOG] [Fast Refresh] done in 141ms @ http://localhost:3000/_next/static/chunks/node_modules_next_dist_f3530cac._.js:2297
[  177226ms] [LOG] [Fast Refresh] rebuilding @ http://localhost:3000/_next/static/chunks/node_modules_next_dist_f3530cac._.js:2297
[  177335ms] [LOG] [Fast Refresh] done in 211ms @ http://localhost:3000/_next/static/chunks/node_modules_next_dist_f3530cac._.js:2297
[  178649ms] [LOG] [Fast Refresh] rebuilding @ http://localhost:3000/_next/static/chunks/node_modules_next_dist_f3530cac._.js:2297
[  178692ms] [LOG] [Fast Refresh] done in 145ms @ http://localhost:3000/_next/static/chunks/node_modules_next_dist_f3530cac._.js:2297
